  [1m[35m (0.3ms)[0m  [1m[34mSELECT sqlite_version(*)[0m
  [1m[35m (119.3ms)[0m  [1m[35mCREATE TABLE "schema_migrations" ("version" varchar NOT NULL PRIMARY KEY)[0m
  [1m[35m (120.6ms)[0m  [1m[35mCREATE TABLE "ar_internal_metadata" ("key" varchar NOT NULL PRIMARY KEY, "value" varchar, "created_at" datetime NOT NULL, "updated_at" datetime NOT NULL)[0m
  [1m[35m (0.5ms)[0m  [1m[34mSELECT "schema_migrations"."version" FROM "schema_migrations" ORDER BY "schema_migrations"."version" ASC[0m
Migrating to DeviseCreateUsers (20170929120642)
  [1m[35m (0.2ms)[0m  [1m[36mbegin transaction[0m
  [1m[35m (3.9ms)[0m  [1m[35mCREATE TABLE "users" ("id" INTEGER PRIMARY KEY AUTOINCREMENT NOT NULL, "email" varchar DEFAULT '' NOT NULL, "encrypted_password" varchar DEFAULT '' NOT NULL, "reset_password_token" varchar, "reset_password_sent_at" datetime, "remember_created_at" datetime, "sign_in_count" integer DEFAULT 0 NOT NULL, "current_sign_in_at" datetime, "last_sign_in_at" datetime, "current_sign_in_ip" varchar, "last_sign_in_ip" varchar, "created_at" datetime NOT NULL, "updated_at" datetime NOT NULL)[0m
  [1m[35m (0.9ms)[0m  [1m[35mCREATE UNIQUE INDEX "index_users_on_email" ON "users" ("email")[0m
  [1m[35m (0.3ms)[0m  [1m[34m            SELECT sql
            FROM sqlite_master
            WHERE name='index_users_on_email' AND type='index'
            UNION ALL
            SELECT sql
            FROM sqlite_temp_master
            WHERE name='index_users_on_email' AND type='index'
[0m
  [1m[35m (0.5ms)[0m  [1m[35mCREATE UNIQUE INDEX "index_users_on_reset_password_token" ON "users" ("reset_password_token")[0m
  [1m[35mSQL (2.5ms)[0m  [1m[32mINSERT INTO "schema_migrations" ("version") VALUES (?)[0m  [["version", "20170929120642"]]
  [1m[35m (106.7ms)[0m  [1m[36mcommit transaction[0m
Migrating to CreatePosts (20171020073554)
  [1m[35m (0.3ms)[0m  [1m[36mbegin transaction[0m
  [1m[35m (1.4ms)[0m  [1m[35mCREATE TABLE "posts" ("id" INTEGER PRIMARY KEY AUTOINCREMENT NOT NULL, "user_id" integer, "title" varchar, "body" varchar, "created_at" datetime NOT NULL, "updated_at" datetime NOT NULL)[0m
  [1m[35mSQL (0.8ms)[0m  [1m[32mINSERT INTO "schema_migrations" ("version") VALUES (?)[0m  [["version", "20171020073554"]]
  [1m[35m (91.8ms)[0m  [1m[36mcommit transaction[0m
Migrating to DeviseCreateAdminUsers (20171020114840)
  [1m[35m (0.2ms)[0m  [1m[36mbegin transaction[0m
  [1m[35m (1.1ms)[0m  [1m[35mCREATE TABLE "admin_users" ("id" INTEGER PRIMARY KEY AUTOINCREMENT NOT NULL, "email" varchar DEFAULT '' NOT NULL, "encrypted_password" varchar DEFAULT '' NOT NULL, "reset_password_token" varchar, "reset_password_sent_at" datetime, "remember_created_at" datetime, "sign_in_count" integer DEFAULT 0 NOT NULL, "current_sign_in_at" datetime, "last_sign_in_at" datetime, "current_sign_in_ip" varchar, "last_sign_in_ip" varchar, "created_at" datetime NOT NULL, "updated_at" datetime NOT NULL)[0m
  [1m[35m (0.8ms)[0m  [1m[35mCREATE UNIQUE INDEX "index_admin_users_on_email" ON "admin_users" ("email")[0m
  [1m[35m (0.3ms)[0m  [1m[34m            SELECT sql
            FROM sqlite_master
            WHERE name='index_admin_users_on_email' AND type='index'
            UNION ALL
            SELECT sql
            FROM sqlite_temp_master
            WHERE name='index_admin_users_on_email' AND type='index'
[0m
  [1m[35m (0.5ms)[0m  [1m[35mCREATE UNIQUE INDEX "index_admin_users_on_reset_password_token" ON "admin_users" ("reset_password_token")[0m
  [1m[35mSQL (0.6ms)[0m  [1m[32mINSERT INTO "schema_migrations" ("version") VALUES (?)[0m  [["version", "20171020114840"]]
  [1m[35m (103.5ms)[0m  [1m[36mcommit transaction[0m
Migrating to CreateActiveAdminComments (20171020114843)
  [1m[35m (0.2ms)[0m  [1m[36mbegin transaction[0m
  [1m[35m (1.1ms)[0m  [1m[35mCREATE TABLE "active_admin_comments" ("id" INTEGER PRIMARY KEY AUTOINCREMENT NOT NULL, "namespace" varchar, "body" text, "resource_type" varchar, "resource_id" integer, "author_type" varchar, "author_id" integer, "created_at" datetime NOT NULL, "updated_at" datetime NOT NULL)[0m
  [1m[35m (0.4ms)[0m  [1m[35mCREATE  INDEX "index_active_admin_comments_on_resource_type_and_resource_id" ON "active_admin_comments" ("resource_type", "resource_id")[0m
  [1m[35m (0.2ms)[0m  [1m[34m            SELECT sql
            FROM sqlite_master
            WHERE name='index_active_admin_comments_on_resource_type_and_resource_id' AND type='index'
            UNION ALL
            SELECT sql
            FROM sqlite_temp_master
            WHERE name='index_active_admin_comments_on_resource_type_and_resource_id' AND type='index'
[0m
  [1m[35m (0.4ms)[0m  [1m[35mCREATE  INDEX "index_active_admin_comments_on_author_type_and_author_id" ON "active_admin_comments" ("author_type", "author_id")[0m
  [1m[35m (0.3ms)[0m  [1m[34m            SELECT sql
            FROM sqlite_master
            WHERE name='index_active_admin_comments_on_author_type_and_author_id' AND type='index'
            UNION ALL
            SELECT sql
            FROM sqlite_temp_master
            WHERE name='index_active_admin_comments_on_author_type_and_author_id' AND type='index'
[0m
  [1m[35m (0.3ms)[0m  [1m[34m            SELECT sql
            FROM sqlite_master
            WHERE name='index_active_admin_comments_on_resource_type_and_resource_id' AND type='index'
            UNION ALL
            SELECT sql
            FROM sqlite_temp_master
            WHERE name='index_active_admin_comments_on_resource_type_and_resource_id' AND type='index'
[0m
  [1m[35m (0.7ms)[0m  [1m[35mCREATE  INDEX "index_active_admin_comments_on_namespace" ON "active_admin_comments" ("namespace")[0m
  [1m[35mSQL (1.0ms)[0m  [1m[32mINSERT INTO "schema_migrations" ("version") VALUES (?)[0m  [["version", "20171020114843"]]
  [1m[35m (102.7ms)[0m  [1m[36mcommit transaction[0m
Migrating to AddNicknameToUsers (20171103085525)
  [1m[35m (0.3ms)[0m  [1m[36mbegin transaction[0m
  [1m[35m (1.5ms)[0m  [1m[35mALTER TABLE "users" ADD "nickname" varchar[0m
  [1m[35mSQL (0.5ms)[0m  [1m[32mINSERT INTO "schema_migrations" ("version") VALUES (?)[0m  [["version", "20171103085525"]]
  [1m[35m (74.5ms)[0m  [1m[36mcommit transaction[0m
Migrating to CreatePostcomments (20171103124702)
  [1m[35m (0.4ms)[0m  [1m[36mbegin transaction[0m
  [1m[35m (1.5ms)[0m  [1m[35mCREATE TABLE "postcomments" ("id" INTEGER PRIMARY KEY AUTOINCREMENT NOT NULL, "text" varchar, "post_id" integer, "user_id" integer, "created_at" datetime NOT NULL, "updated_at" datetime NOT NULL)[0m
  [1m[35mSQL (0.5ms)[0m  [1m[32mINSERT INTO "schema_migrations" ("version") VALUES (?)[0m  [["version", "20171103124702"]]
  [1m[35m (121.1ms)[0m  [1m[36mcommit transaction[0m
  [1m[36mActiveRecord::InternalMetadata Load (0.6ms)[0m  [1m[34mSELECT  "ar_internal_metadata".* FROM "ar_internal_metadata" WHERE "ar_internal_metadata"."key" = ? LIMIT ?[0m  [["key", "environment"], ["LIMIT", 1]]
  [1m[35m (0.2ms)[0m  [1m[36mbegin transaction[0m
  [1m[35mSQL (0.7ms)[0m  [1m[32mINSERT INTO "ar_internal_metadata" ("key", "value", "created_at", "updated_at") VALUES (?, ?, ?, ?)[0m  [["key", "environment"], ["value", "development"], ["created_at", "2017-11-06 16:14:29.527685"], ["updated_at", "2017-11-06 16:14:29.527685"]]
  [1m[35m (97.8ms)[0m  [1m[36mcommit transaction[0m
  [1m[35m (0.4ms)[0m  [1m[34mSELECT "schema_migrations"."version" FROM "schema_migrations" ORDER BY "schema_migrations"."version" ASC[0m
  [1m[35m (0.3ms)[0m  [1m[34m            SELECT sql
            FROM sqlite_master
            WHERE name='index_active_admin_comments_on_namespace' AND type='index'
            UNION ALL
            SELECT sql
            FROM sqlite_temp_master
            WHERE name='index_active_admin_comments_on_namespace' AND type='index'
[0m
  [1m[35m (0.3ms)[0m  [1m[34m            SELECT sql
            FROM sqlite_master
            WHERE name='index_active_admin_comments_on_author_type_and_author_id' AND type='index'
            UNION ALL
            SELECT sql
            FROM sqlite_temp_master
            WHERE name='index_active_admin_comments_on_author_type_and_author_id' AND type='index'
[0m
  [1m[35m (0.3ms)[0m  [1m[34m            SELECT sql
            FROM sqlite_master
            WHERE name='index_active_admin_comments_on_resource_type_and_resource_id' AND type='index'
            UNION ALL
            SELECT sql
            FROM sqlite_temp_master
            WHERE name='index_active_admin_comments_on_resource_type_and_resource_id' AND type='index'
[0m
  [1m[35m (0.3ms)[0m  [1m[34m            SELECT sql
            FROM sqlite_master
            WHERE name='index_admin_users_on_reset_password_token' AND type='index'
            UNION ALL
            SELECT sql
            FROM sqlite_temp_master
            WHERE name='index_admin_users_on_reset_password_token' AND type='index'
[0m
  [1m[35m (0.3ms)[0m  [1m[34m            SELECT sql
            FROM sqlite_master
            WHERE name='index_admin_users_on_email' AND type='index'
            UNION ALL
            SELECT sql
            FROM sqlite_temp_master
            WHERE name='index_admin_users_on_email' AND type='index'
[0m
  [1m[35m (0.3ms)[0m  [1m[34m            SELECT sql
            FROM sqlite_master
            WHERE name='index_users_on_reset_password_token' AND type='index'
            UNION ALL
            SELECT sql
            FROM sqlite_temp_master
            WHERE name='index_users_on_reset_password_token' AND type='index'
[0m
  [1m[35m (0.3ms)[0m  [1m[34m            SELECT sql
            FROM sqlite_master
            WHERE name='index_users_on_email' AND type='index'
            UNION ALL
            SELECT sql
            FROM sqlite_temp_master
            WHERE name='index_users_on_email' AND type='index'
[0m
Started GET "/" for 127.0.0.1 at 2017-11-06 18:15:13 +0200
  [1m[35m (0.6ms)[0m  [1m[34mSELECT "schema_migrations"."version" FROM "schema_migrations" ORDER BY "schema_migrations"."version" ASC[0m
Processing by PagesController#index as HTML
  Rendering pages/index.html.erb within layouts/application
  [1m[36mPost Load (0.6ms)[0m  [1m[34mSELECT "posts".* FROM "posts"[0m
  Rendered pages/index.html.erb within layouts/application (11.3ms)
  Rendered layouts/_navbar.html.erb (9.4ms)
  Rendered layouts/_footer.html.erb (0.8ms)
Completed 200 OK in 33752ms (Views: 33734.1ms | ActiveRecord: 1.2ms)


Started GET "/" for 127.0.0.1 at 2017-11-06 18:22:02 +0200
Processing by PagesController#index as HTML
  Rendering pages/index.html.erb within layouts/application
  [1m[36mPost Load (0.5ms)[0m  [1m[34mSELECT "posts".* FROM "posts"[0m
  Rendered pages/index.html.erb within layouts/application (4.0ms)
  Rendered layouts/_navbar.html.erb (2.9ms)
  Rendered layouts/_footer.html.erb (0.8ms)
Completed 200 OK in 380ms (Views: 376.4ms | ActiveRecord: 0.5ms)


Started GET "/fonts/bootstrap/glyphicons-halflings-regular.woff2" for 127.0.0.1 at 2017-11-06 18:22:03 +0200
  
ActionController::RoutingError (No route matches [GET] "/fonts/bootstrap/glyphicons-halflings-regular.woff2"):
  
actionpack (5.1.4) lib/action_dispatch/middleware/debug_exceptions.rb:63:in `call'
web-console (3.5.1) lib/web_console/middleware.rb:135:in `call_app'
web-console (3.5.1) lib/web_console/middleware.rb:28:in `block in call'
web-console (3.5.1) lib/web_console/middleware.rb:18:in `catch'
web-console (3.5.1) lib/web_console/middleware.rb:18:in `call'
actionpack (5.1.4) lib/action_dispatch/middleware/show_exceptions.rb:31:in `call'
railties (5.1.4) lib/rails/rack/logger.rb:36:in `call_app'
railties (5.1.4) lib/rails/rack/logger.rb:24:in `block in call'
activesupport (5.1.4) lib/active_support/tagged_logging.rb:69:in `block in tagged'
activesupport (5.1.4) lib/active_support/tagged_logging.rb:26:in `tagged'
activesupport (5.1.4) lib/active_support/tagged_logging.rb:69:in `tagged'
railties (5.1.4) lib/rails/rack/logger.rb:24:in `call'
sprockets-rails (3.2.1) lib/sprockets/rails/quiet_assets.rb:13:in `call'
actionpack (5.1.4) lib/action_dispatch/middleware/remote_ip.rb:79:in `call'
actionpack (5.1.4) lib/action_dispatch/middleware/request_id.rb:25:in `call'
rack (2.0.3) lib/rack/method_override.rb:22:in `call'
rack (2.0.3) lib/rack/runtime.rb:22:in `call'
activesupport (5.1.4) lib/active_support/cache/strategy/local_cache_middleware.rb:27:in `call'
actionpack (5.1.4) lib/action_dispatch/middleware/executor.rb:12:in `call'
actionpack (5.1.4) lib/action_dispatch/middleware/static.rb:125:in `call'
rack (2.0.3) lib/rack/sendfile.rb:111:in `call'
railties (5.1.4) lib/rails/engine.rb:522:in `call'
puma (3.10.0) lib/puma/configuration.rb:225:in `call'
puma (3.10.0) lib/puma/server.rb:605:in `handle_request'
puma (3.10.0) lib/puma/server.rb:437:in `process_client'
puma (3.10.0) lib/puma/server.rb:301:in `block in run'
puma (3.10.0) lib/puma/thread_pool.rb:120:in `block in spawn_thread'
Started GET "/fonts/bootstrap/glyphicons-halflings-regular.woff" for 127.0.0.1 at 2017-11-06 18:22:04 +0200
  
ActionController::RoutingError (No route matches [GET] "/fonts/bootstrap/glyphicons-halflings-regular.woff"):
  
actionpack (5.1.4) lib/action_dispatch/middleware/debug_exceptions.rb:63:in `call'
web-console (3.5.1) lib/web_console/middleware.rb:135:in `call_app'
web-console (3.5.1) lib/web_console/middleware.rb:28:in `block in call'
web-console (3.5.1) lib/web_console/middleware.rb:18:in `catch'
web-console (3.5.1) lib/web_console/middleware.rb:18:in `call'
actionpack (5.1.4) lib/action_dispatch/middleware/show_exceptions.rb:31:in `call'
railties (5.1.4) lib/rails/rack/logger.rb:36:in `call_app'
railties (5.1.4) lib/rails/rack/logger.rb:24:in `block in call'
activesupport (5.1.4) lib/active_support/tagged_logging.rb:69:in `block in tagged'
activesupport (5.1.4) lib/active_support/tagged_logging.rb:26:in `tagged'
activesupport (5.1.4) lib/active_support/tagged_logging.rb:69:in `tagged'
railties (5.1.4) lib/rails/rack/logger.rb:24:in `call'
sprockets-rails (3.2.1) lib/sprockets/rails/quiet_assets.rb:13:in `call'
actionpack (5.1.4) lib/action_dispatch/middleware/remote_ip.rb:79:in `call'
actionpack (5.1.4) lib/action_dispatch/middleware/request_id.rb:25:in `call'
rack (2.0.3) lib/rack/method_override.rb:22:in `call'
rack (2.0.3) lib/rack/runtime.rb:22:in `call'
activesupport (5.1.4) lib/active_support/cache/strategy/local_cache_middleware.rb:27:in `call'
actionpack (5.1.4) lib/action_dispatch/middleware/executor.rb:12:in `call'
actionpack (5.1.4) lib/action_dispatch/middleware/static.rb:125:in `call'
rack (2.0.3) lib/rack/sendfile.rb:111:in `call'
railties (5.1.4) lib/rails/engine.rb:522:in `call'
puma (3.10.0) lib/puma/configuration.rb:225:in `call'
puma (3.10.0) lib/puma/server.rb:605:in `handle_request'
puma (3.10.0) lib/puma/server.rb:437:in `process_client'
puma (3.10.0) lib/puma/server.rb:301:in `block in run'
puma (3.10.0) lib/puma/thread_pool.rb:120:in `block in spawn_thread'
Started GET "/fonts/bootstrap/glyphicons-halflings-regular.ttf" for 127.0.0.1 at 2017-11-06 18:22:04 +0200
  
ActionController::RoutingError (No route matches [GET] "/fonts/bootstrap/glyphicons-halflings-regular.ttf"):
  
actionpack (5.1.4) lib/action_dispatch/middleware/debug_exceptions.rb:63:in `call'
web-console (3.5.1) lib/web_console/middleware.rb:135:in `call_app'
web-console (3.5.1) lib/web_console/middleware.rb:28:in `block in call'
web-console (3.5.1) lib/web_console/middleware.rb:18:in `catch'
web-console (3.5.1) lib/web_console/middleware.rb:18:in `call'
actionpack (5.1.4) lib/action_dispatch/middleware/show_exceptions.rb:31:in `call'
railties (5.1.4) lib/rails/rack/logger.rb:36:in `call_app'
railties (5.1.4) lib/rails/rack/logger.rb:24:in `block in call'
activesupport (5.1.4) lib/active_support/tagged_logging.rb:69:in `block in tagged'
activesupport (5.1.4) lib/active_support/tagged_logging.rb:26:in `tagged'
activesupport (5.1.4) lib/active_support/tagged_logging.rb:69:in `tagged'
railties (5.1.4) lib/rails/rack/logger.rb:24:in `call'
sprockets-rails (3.2.1) lib/sprockets/rails/quiet_assets.rb:13:in `call'
actionpack (5.1.4) lib/action_dispatch/middleware/remote_ip.rb:79:in `call'
actionpack (5.1.4) lib/action_dispatch/middleware/request_id.rb:25:in `call'
rack (2.0.3) lib/rack/method_override.rb:22:in `call'
rack (2.0.3) lib/rack/runtime.rb:22:in `call'
activesupport (5.1.4) lib/active_support/cache/strategy/local_cache_middleware.rb:27:in `call'
actionpack (5.1.4) lib/action_dispatch/middleware/executor.rb:12:in `call'
actionpack (5.1.4) lib/action_dispatch/middleware/static.rb:125:in `call'
rack (2.0.3) lib/rack/sendfile.rb:111:in `call'
railties (5.1.4) lib/rails/engine.rb:522:in `call'
puma (3.10.0) lib/puma/configuration.rb:225:in `call'
puma (3.10.0) lib/puma/server.rb:605:in `handle_request'
puma (3.10.0) lib/puma/server.rb:437:in `process_client'
puma (3.10.0) lib/puma/server.rb:301:in `block in run'
puma (3.10.0) lib/puma/thread_pool.rb:120:in `block in spawn_thread'
Started GET "/" for 127.0.0.1 at 2017-11-06 18:22:42 +0200
Processing by PagesController#index as HTML
  Rendering pages/index.html.erb within layouts/application
  [1m[36mPost Load (0.6ms)[0m  [1m[34mSELECT "posts".* FROM "posts"[0m
  Rendered pages/index.html.erb within layouts/application (5.8ms)
  Rendered layouts/_navbar.html.erb (3.2ms)
  Rendered layouts/_footer.html.erb (0.7ms)
Completed 200 OK in 430ms (Views: 425.5ms | ActiveRecord: 0.6ms)


Started GET "/fonts/bootstrap/glyphicons-halflings-regular.woff2" for 127.0.0.1 at 2017-11-06 18:22:43 +0200
  
ActionController::RoutingError (No route matches [GET] "/fonts/bootstrap/glyphicons-halflings-regular.woff2"):
  
actionpack (5.1.4) lib/action_dispatch/middleware/debug_exceptions.rb:63:in `call'
web-console (3.5.1) lib/web_console/middleware.rb:135:in `call_app'
web-console (3.5.1) lib/web_console/middleware.rb:28:in `block in call'
web-console (3.5.1) lib/web_console/middleware.rb:18:in `catch'
web-console (3.5.1) lib/web_console/middleware.rb:18:in `call'
actionpack (5.1.4) lib/action_dispatch/middleware/show_exceptions.rb:31:in `call'
railties (5.1.4) lib/rails/rack/logger.rb:36:in `call_app'
railties (5.1.4) lib/rails/rack/logger.rb:24:in `block in call'
activesupport (5.1.4) lib/active_support/tagged_logging.rb:69:in `block in tagged'
activesupport (5.1.4) lib/active_support/tagged_logging.rb:26:in `tagged'
activesupport (5.1.4) lib/active_support/tagged_logging.rb:69:in `tagged'
railties (5.1.4) lib/rails/rack/logger.rb:24:in `call'
sprockets-rails (3.2.1) lib/sprockets/rails/quiet_assets.rb:13:in `call'
actionpack (5.1.4) lib/action_dispatch/middleware/remote_ip.rb:79:in `call'
actionpack (5.1.4) lib/action_dispatch/middleware/request_id.rb:25:in `call'
rack (2.0.3) lib/rack/method_override.rb:22:in `call'
rack (2.0.3) lib/rack/runtime.rb:22:in `call'
activesupport (5.1.4) lib/active_support/cache/strategy/local_cache_middleware.rb:27:in `call'
actionpack (5.1.4) lib/action_dispatch/middleware/executor.rb:12:in `call'
actionpack (5.1.4) lib/action_dispatch/middleware/static.rb:125:in `call'
rack (2.0.3) lib/rack/sendfile.rb:111:in `call'
railties (5.1.4) lib/rails/engine.rb:522:in `call'
puma (3.10.0) lib/puma/configuration.rb:225:in `call'
puma (3.10.0) lib/puma/server.rb:605:in `handle_request'
puma (3.10.0) lib/puma/server.rb:437:in `process_client'
puma (3.10.0) lib/puma/server.rb:301:in `block in run'
puma (3.10.0) lib/puma/thread_pool.rb:120:in `block in spawn_thread'
Started GET "/fonts/bootstrap/glyphicons-halflings-regular.woff" for 127.0.0.1 at 2017-11-06 18:22:43 +0200
  
ActionController::RoutingError (No route matches [GET] "/fonts/bootstrap/glyphicons-halflings-regular.woff"):
  
actionpack (5.1.4) lib/action_dispatch/middleware/debug_exceptions.rb:63:in `call'
web-console (3.5.1) lib/web_console/middleware.rb:135:in `call_app'
web-console (3.5.1) lib/web_console/middleware.rb:28:in `block in call'
web-console (3.5.1) lib/web_console/middleware.rb:18:in `catch'
web-console (3.5.1) lib/web_console/middleware.rb:18:in `call'
actionpack (5.1.4) lib/action_dispatch/middleware/show_exceptions.rb:31:in `call'
railties (5.1.4) lib/rails/rack/logger.rb:36:in `call_app'
railties (5.1.4) lib/rails/rack/logger.rb:24:in `block in call'
activesupport (5.1.4) lib/active_support/tagged_logging.rb:69:in `block in tagged'
activesupport (5.1.4) lib/active_support/tagged_logging.rb:26:in `tagged'
activesupport (5.1.4) lib/active_support/tagged_logging.rb:69:in `tagged'
railties (5.1.4) lib/rails/rack/logger.rb:24:in `call'
sprockets-rails (3.2.1) lib/sprockets/rails/quiet_assets.rb:13:in `call'
actionpack (5.1.4) lib/action_dispatch/middleware/remote_ip.rb:79:in `call'
actionpack (5.1.4) lib/action_dispatch/middleware/request_id.rb:25:in `call'
rack (2.0.3) lib/rack/method_override.rb:22:in `call'
rack (2.0.3) lib/rack/runtime.rb:22:in `call'
activesupport (5.1.4) lib/active_support/cache/strategy/local_cache_middleware.rb:27:in `call'
actionpack (5.1.4) lib/action_dispatch/middleware/executor.rb:12:in `call'
actionpack (5.1.4) lib/action_dispatch/middleware/static.rb:125:in `call'
rack (2.0.3) lib/rack/sendfile.rb:111:in `call'
railties (5.1.4) lib/rails/engine.rb:522:in `call'
puma (3.10.0) lib/puma/configuration.rb:225:in `call'
puma (3.10.0) lib/puma/server.rb:605:in `handle_request'
puma (3.10.0) lib/puma/server.rb:437:in `process_client'
puma (3.10.0) lib/puma/server.rb:301:in `block in run'
puma (3.10.0) lib/puma/thread_pool.rb:120:in `block in spawn_thread'
Started GET "/fonts/bootstrap/glyphicons-halflings-regular.ttf" for 127.0.0.1 at 2017-11-06 18:22:43 +0200
  
ActionController::RoutingError (No route matches [GET] "/fonts/bootstrap/glyphicons-halflings-regular.ttf"):
  
actionpack (5.1.4) lib/action_dispatch/middleware/debug_exceptions.rb:63:in `call'
web-console (3.5.1) lib/web_console/middleware.rb:135:in `call_app'
web-console (3.5.1) lib/web_console/middleware.rb:28:in `block in call'
web-console (3.5.1) lib/web_console/middleware.rb:18:in `catch'
web-console (3.5.1) lib/web_console/middleware.rb:18:in `call'
actionpack (5.1.4) lib/action_dispatch/middleware/show_exceptions.rb:31:in `call'
railties (5.1.4) lib/rails/rack/logger.rb:36:in `call_app'
railties (5.1.4) lib/rails/rack/logger.rb:24:in `block in call'
activesupport (5.1.4) lib/active_support/tagged_logging.rb:69:in `block in tagged'
activesupport (5.1.4) lib/active_support/tagged_logging.rb:26:in `tagged'
activesupport (5.1.4) lib/active_support/tagged_logging.rb:69:in `tagged'
railties (5.1.4) lib/rails/rack/logger.rb:24:in `call'
sprockets-rails (3.2.1) lib/sprockets/rails/quiet_assets.rb:13:in `call'
actionpack (5.1.4) lib/action_dispatch/middleware/remote_ip.rb:79:in `call'
actionpack (5.1.4) lib/action_dispatch/middleware/request_id.rb:25:in `call'
rack (2.0.3) lib/rack/method_override.rb:22:in `call'
rack (2.0.3) lib/rack/runtime.rb:22:in `call'
activesupport (5.1.4) lib/active_support/cache/strategy/local_cache_middleware.rb:27:in `call'
actionpack (5.1.4) lib/action_dispatch/middleware/executor.rb:12:in `call'
actionpack (5.1.4) lib/action_dispatch/middleware/static.rb:125:in `call'
rack (2.0.3) lib/rack/sendfile.rb:111:in `call'
railties (5.1.4) lib/rails/engine.rb:522:in `call'
puma (3.10.0) lib/puma/configuration.rb:225:in `call'
puma (3.10.0) lib/puma/server.rb:605:in `handle_request'
puma (3.10.0) lib/puma/server.rb:437:in `process_client'
puma (3.10.0) lib/puma/server.rb:301:in `block in run'
puma (3.10.0) lib/puma/thread_pool.rb:120:in `block in spawn_thread'
Started GET "/" for 127.0.0.1 at 2017-11-06 18:23:38 +0200
Processing by PagesController#index as HTML
  Rendering pages/index.html.erb within layouts/application
  [1m[36mPost Load (0.5ms)[0m  [1m[34mSELECT "posts".* FROM "posts"[0m
  Rendered pages/index.html.erb within layouts/application (3.7ms)
  Rendered layouts/_navbar.html.erb (2.4ms)
  Rendered layouts/_footer.html.erb (0.8ms)
Completed 200 OK in 401ms (Views: 398.1ms | ActiveRecord: 0.5ms)


Started GET "/fonts/bootstrap/glyphicons-halflings-regular.woff2" for 127.0.0.1 at 2017-11-06 18:23:39 +0200
  
ActionController::RoutingError (No route matches [GET] "/fonts/bootstrap/glyphicons-halflings-regular.woff2"):
  
actionpack (5.1.4) lib/action_dispatch/middleware/debug_exceptions.rb:63:in `call'
web-console (3.5.1) lib/web_console/middleware.rb:135:in `call_app'
web-console (3.5.1) lib/web_console/middleware.rb:28:in `block in call'
web-console (3.5.1) lib/web_console/middleware.rb:18:in `catch'
web-console (3.5.1) lib/web_console/middleware.rb:18:in `call'
actionpack (5.1.4) lib/action_dispatch/middleware/show_exceptions.rb:31:in `call'
railties (5.1.4) lib/rails/rack/logger.rb:36:in `call_app'
railties (5.1.4) lib/rails/rack/logger.rb:24:in `block in call'
activesupport (5.1.4) lib/active_support/tagged_logging.rb:69:in `block in tagged'
activesupport (5.1.4) lib/active_support/tagged_logging.rb:26:in `tagged'
activesupport (5.1.4) lib/active_support/tagged_logging.rb:69:in `tagged'
railties (5.1.4) lib/rails/rack/logger.rb:24:in `call'
sprockets-rails (3.2.1) lib/sprockets/rails/quiet_assets.rb:13:in `call'
actionpack (5.1.4) lib/action_dispatch/middleware/remote_ip.rb:79:in `call'
actionpack (5.1.4) lib/action_dispatch/middleware/request_id.rb:25:in `call'
rack (2.0.3) lib/rack/method_override.rb:22:in `call'
rack (2.0.3) lib/rack/runtime.rb:22:in `call'
activesupport (5.1.4) lib/active_support/cache/strategy/local_cache_middleware.rb:27:in `call'
actionpack (5.1.4) lib/action_dispatch/middleware/executor.rb:12:in `call'
actionpack (5.1.4) lib/action_dispatch/middleware/static.rb:125:in `call'
rack (2.0.3) lib/rack/sendfile.rb:111:in `call'
railties (5.1.4) lib/rails/engine.rb:522:in `call'
puma (3.10.0) lib/puma/configuration.rb:225:in `call'
puma (3.10.0) lib/puma/server.rb:605:in `handle_request'
puma (3.10.0) lib/puma/server.rb:437:in `process_client'
puma (3.10.0) lib/puma/server.rb:301:in `block in run'
puma (3.10.0) lib/puma/thread_pool.rb:120:in `block in spawn_thread'
Started GET "/fonts/bootstrap/glyphicons-halflings-regular.woff" for 127.0.0.1 at 2017-11-06 18:23:39 +0200
  
ActionController::RoutingError (No route matches [GET] "/fonts/bootstrap/glyphicons-halflings-regular.woff"):
  
actionpack (5.1.4) lib/action_dispatch/middleware/debug_exceptions.rb:63:in `call'
web-console (3.5.1) lib/web_console/middleware.rb:135:in `call_app'
web-console (3.5.1) lib/web_console/middleware.rb:28:in `block in call'
web-console (3.5.1) lib/web_console/middleware.rb:18:in `catch'
web-console (3.5.1) lib/web_console/middleware.rb:18:in `call'
actionpack (5.1.4) lib/action_dispatch/middleware/show_exceptions.rb:31:in `call'
railties (5.1.4) lib/rails/rack/logger.rb:36:in `call_app'
railties (5.1.4) lib/rails/rack/logger.rb:24:in `block in call'
activesupport (5.1.4) lib/active_support/tagged_logging.rb:69:in `block in tagged'
activesupport (5.1.4) lib/active_support/tagged_logging.rb:26:in `tagged'
activesupport (5.1.4) lib/active_support/tagged_logging.rb:69:in `tagged'
railties (5.1.4) lib/rails/rack/logger.rb:24:in `call'
sprockets-rails (3.2.1) lib/sprockets/rails/quiet_assets.rb:13:in `call'
actionpack (5.1.4) lib/action_dispatch/middleware/remote_ip.rb:79:in `call'
actionpack (5.1.4) lib/action_dispatch/middleware/request_id.rb:25:in `call'
rack (2.0.3) lib/rack/method_override.rb:22:in `call'
rack (2.0.3) lib/rack/runtime.rb:22:in `call'
activesupport (5.1.4) lib/active_support/cache/strategy/local_cache_middleware.rb:27:in `call'
actionpack (5.1.4) lib/action_dispatch/middleware/executor.rb:12:in `call'
actionpack (5.1.4) lib/action_dispatch/middleware/static.rb:125:in `call'
rack (2.0.3) lib/rack/sendfile.rb:111:in `call'
railties (5.1.4) lib/rails/engine.rb:522:in `call'
puma (3.10.0) lib/puma/configuration.rb:225:in `call'
puma (3.10.0) lib/puma/server.rb:605:in `handle_request'
puma (3.10.0) lib/puma/server.rb:437:in `process_client'
puma (3.10.0) lib/puma/server.rb:301:in `block in run'
puma (3.10.0) lib/puma/thread_pool.rb:120:in `block in spawn_thread'
Started GET "/fonts/bootstrap/glyphicons-halflings-regular.ttf" for 127.0.0.1 at 2017-11-06 18:23:39 +0200
  
ActionController::RoutingError (No route matches [GET] "/fonts/bootstrap/glyphicons-halflings-regular.ttf"):
  
actionpack (5.1.4) lib/action_dispatch/middleware/debug_exceptions.rb:63:in `call'
web-console (3.5.1) lib/web_console/middleware.rb:135:in `call_app'
web-console (3.5.1) lib/web_console/middleware.rb:28:in `block in call'
web-console (3.5.1) lib/web_console/middleware.rb:18:in `catch'
web-console (3.5.1) lib/web_console/middleware.rb:18:in `call'
actionpack (5.1.4) lib/action_dispatch/middleware/show_exceptions.rb:31:in `call'
railties (5.1.4) lib/rails/rack/logger.rb:36:in `call_app'
railties (5.1.4) lib/rails/rack/logger.rb:24:in `block in call'
activesupport (5.1.4) lib/active_support/tagged_logging.rb:69:in `block in tagged'
activesupport (5.1.4) lib/active_support/tagged_logging.rb:26:in `tagged'
activesupport (5.1.4) lib/active_support/tagged_logging.rb:69:in `tagged'
railties (5.1.4) lib/rails/rack/logger.rb:24:in `call'
sprockets-rails (3.2.1) lib/sprockets/rails/quiet_assets.rb:13:in `call'
actionpack (5.1.4) lib/action_dispatch/middleware/remote_ip.rb:79:in `call'
actionpack (5.1.4) lib/action_dispatch/middleware/request_id.rb:25:in `call'
rack (2.0.3) lib/rack/method_override.rb:22:in `call'
rack (2.0.3) lib/rack/runtime.rb:22:in `call'
activesupport (5.1.4) lib/active_support/cache/strategy/local_cache_middleware.rb:27:in `call'
actionpack (5.1.4) lib/action_dispatch/middleware/executor.rb:12:in `call'
actionpack (5.1.4) lib/action_dispatch/middleware/static.rb:125:in `call'
rack (2.0.3) lib/rack/sendfile.rb:111:in `call'
railties (5.1.4) lib/rails/engine.rb:522:in `call'
puma (3.10.0) lib/puma/configuration.rb:225:in `call'
puma (3.10.0) lib/puma/server.rb:605:in `handle_request'
puma (3.10.0) lib/puma/server.rb:437:in `process_client'
puma (3.10.0) lib/puma/server.rb:301:in `block in run'
puma (3.10.0) lib/puma/thread_pool.rb:120:in `block in spawn_thread'
Started GET "/" for 127.0.0.1 at 2017-11-06 18:24:54 +0200
Processing by PagesController#index as HTML
  Rendering pages/index.html.erb within layouts/application
  [1m[36mPost Load (0.4ms)[0m  [1m[34mSELECT "posts".* FROM "posts"[0m
  Rendered pages/index.html.erb within layouts/application (3.5ms)
  Rendered layouts/_navbar.html.erb (2.2ms)
  Rendered layouts/_footer.html.erb (0.7ms)
Completed 200 OK in 284ms (Views: 280.5ms | ActiveRecord: 0.4ms)


Started GET "/fonts/bootstrap/glyphicons-halflings-regular.woff2" for 127.0.0.1 at 2017-11-06 18:24:55 +0200
  
ActionController::RoutingError (No route matches [GET] "/fonts/bootstrap/glyphicons-halflings-regular.woff2"):
  
actionpack (5.1.4) lib/action_dispatch/middleware/debug_exceptions.rb:63:in `call'
web-console (3.5.1) lib/web_console/middleware.rb:135:in `call_app'
web-console (3.5.1) lib/web_console/middleware.rb:28:in `block in call'
web-console (3.5.1) lib/web_console/middleware.rb:18:in `catch'
web-console (3.5.1) lib/web_console/middleware.rb:18:in `call'
actionpack (5.1.4) lib/action_dispatch/middleware/show_exceptions.rb:31:in `call'
railties (5.1.4) lib/rails/rack/logger.rb:36:in `call_app'
railties (5.1.4) lib/rails/rack/logger.rb:24:in `block in call'
activesupport (5.1.4) lib/active_support/tagged_logging.rb:69:in `block in tagged'
activesupport (5.1.4) lib/active_support/tagged_logging.rb:26:in `tagged'
activesupport (5.1.4) lib/active_support/tagged_logging.rb:69:in `tagged'
railties (5.1.4) lib/rails/rack/logger.rb:24:in `call'
sprockets-rails (3.2.1) lib/sprockets/rails/quiet_assets.rb:13:in `call'
actionpack (5.1.4) lib/action_dispatch/middleware/remote_ip.rb:79:in `call'
actionpack (5.1.4) lib/action_dispatch/middleware/request_id.rb:25:in `call'
rack (2.0.3) lib/rack/method_override.rb:22:in `call'
rack (2.0.3) lib/rack/runtime.rb:22:in `call'
activesupport (5.1.4) lib/active_support/cache/strategy/local_cache_middleware.rb:27:in `call'
actionpack (5.1.4) lib/action_dispatch/middleware/executor.rb:12:in `call'
actionpack (5.1.4) lib/action_dispatch/middleware/static.rb:125:in `call'
rack (2.0.3) lib/rack/sendfile.rb:111:in `call'
railties (5.1.4) lib/rails/engine.rb:522:in `call'
puma (3.10.0) lib/puma/configuration.rb:225:in `call'
puma (3.10.0) lib/puma/server.rb:605:in `handle_request'
puma (3.10.0) lib/puma/server.rb:437:in `process_client'
puma (3.10.0) lib/puma/server.rb:301:in `block in run'
puma (3.10.0) lib/puma/thread_pool.rb:120:in `block in spawn_thread'
Started GET "/fonts/bootstrap/glyphicons-halflings-regular.woff" for 127.0.0.1 at 2017-11-06 18:24:55 +0200
  
ActionController::RoutingError (No route matches [GET] "/fonts/bootstrap/glyphicons-halflings-regular.woff"):
  
actionpack (5.1.4) lib/action_dispatch/middleware/debug_exceptions.rb:63:in `call'
web-console (3.5.1) lib/web_console/middleware.rb:135:in `call_app'
web-console (3.5.1) lib/web_console/middleware.rb:28:in `block in call'
web-console (3.5.1) lib/web_console/middleware.rb:18:in `catch'
web-console (3.5.1) lib/web_console/middleware.rb:18:in `call'
actionpack (5.1.4) lib/action_dispatch/middleware/show_exceptions.rb:31:in `call'
railties (5.1.4) lib/rails/rack/logger.rb:36:in `call_app'
railties (5.1.4) lib/rails/rack/logger.rb:24:in `block in call'
activesupport (5.1.4) lib/active_support/tagged_logging.rb:69:in `block in tagged'
activesupport (5.1.4) lib/active_support/tagged_logging.rb:26:in `tagged'
activesupport (5.1.4) lib/active_support/tagged_logging.rb:69:in `tagged'
railties (5.1.4) lib/rails/rack/logger.rb:24:in `call'
sprockets-rails (3.2.1) lib/sprockets/rails/quiet_assets.rb:13:in `call'
actionpack (5.1.4) lib/action_dispatch/middleware/remote_ip.rb:79:in `call'
actionpack (5.1.4) lib/action_dispatch/middleware/request_id.rb:25:in `call'
rack (2.0.3) lib/rack/method_override.rb:22:in `call'
rack (2.0.3) lib/rack/runtime.rb:22:in `call'
activesupport (5.1.4) lib/active_support/cache/strategy/local_cache_middleware.rb:27:in `call'
actionpack (5.1.4) lib/action_dispatch/middleware/executor.rb:12:in `call'
actionpack (5.1.4) lib/action_dispatch/middleware/static.rb:125:in `call'
rack (2.0.3) lib/rack/sendfile.rb:111:in `call'
railties (5.1.4) lib/rails/engine.rb:522:in `call'
puma (3.10.0) lib/puma/configuration.rb:225:in `call'
puma (3.10.0) lib/puma/server.rb:605:in `handle_request'
puma (3.10.0) lib/puma/server.rb:437:in `process_client'
puma (3.10.0) lib/puma/server.rb:301:in `block in run'
puma (3.10.0) lib/puma/thread_pool.rb:120:in `block in spawn_thread'
Started GET "/fonts/bootstrap/glyphicons-halflings-regular.ttf" for 127.0.0.1 at 2017-11-06 18:24:55 +0200
  
ActionController::RoutingError (No route matches [GET] "/fonts/bootstrap/glyphicons-halflings-regular.ttf"):
  
actionpack (5.1.4) lib/action_dispatch/middleware/debug_exceptions.rb:63:in `call'
web-console (3.5.1) lib/web_console/middleware.rb:135:in `call_app'
web-console (3.5.1) lib/web_console/middleware.rb:28:in `block in call'
web-console (3.5.1) lib/web_console/middleware.rb:18:in `catch'
web-console (3.5.1) lib/web_console/middleware.rb:18:in `call'
actionpack (5.1.4) lib/action_dispatch/middleware/show_exceptions.rb:31:in `call'
railties (5.1.4) lib/rails/rack/logger.rb:36:in `call_app'
railties (5.1.4) lib/rails/rack/logger.rb:24:in `block in call'
activesupport (5.1.4) lib/active_support/tagged_logging.rb:69:in `block in tagged'
activesupport (5.1.4) lib/active_support/tagged_logging.rb:26:in `tagged'
activesupport (5.1.4) lib/active_support/tagged_logging.rb:69:in `tagged'
railties (5.1.4) lib/rails/rack/logger.rb:24:in `call'
sprockets-rails (3.2.1) lib/sprockets/rails/quiet_assets.rb:13:in `call'
actionpack (5.1.4) lib/action_dispatch/middleware/remote_ip.rb:79:in `call'
actionpack (5.1.4) lib/action_dispatch/middleware/request_id.rb:25:in `call'
rack (2.0.3) lib/rack/method_override.rb:22:in `call'
rack (2.0.3) lib/rack/runtime.rb:22:in `call'
activesupport (5.1.4) lib/active_support/cache/strategy/local_cache_middleware.rb:27:in `call'
actionpack (5.1.4) lib/action_dispatch/middleware/executor.rb:12:in `call'
actionpack (5.1.4) lib/action_dispatch/middleware/static.rb:125:in `call'
rack (2.0.3) lib/rack/sendfile.rb:111:in `call'
railties (5.1.4) lib/rails/engine.rb:522:in `call'
puma (3.10.0) lib/puma/configuration.rb:225:in `call'
puma (3.10.0) lib/puma/server.rb:605:in `handle_request'
puma (3.10.0) lib/puma/server.rb:437:in `process_client'
puma (3.10.0) lib/puma/server.rb:301:in `block in run'
puma (3.10.0) lib/puma/thread_pool.rb:120:in `block in spawn_thread'
Started GET "/posts/new" for 127.0.0.1 at 2017-11-06 18:25:00 +0200
Processing by PostsController#new as HTML
Completed 401 Unauthorized in 4ms (ActiveRecord: 0.0ms)


Started GET "/users/sign_in" for 127.0.0.1 at 2017-11-06 18:25:00 +0200
Processing by Devise::SessionsController#new as HTML
  Rendering users/sessions/new.html.erb within layouts/application
  Rendered users/shared/_links.html.erb (2.8ms)
  Rendered users/sessions/new.html.erb within layouts/application (28.5ms)
  Rendered layouts/_navbar.html.erb (2.4ms)
  Rendered layouts/_footer.html.erb (0.7ms)
Completed 200 OK in 346ms (Views: 294.2ms | ActiveRecord: 2.7ms)


Started GET "/" for 127.0.0.1 at 2017-11-06 18:25:03 +0200
Processing by PagesController#index as HTML
  Rendering pages/index.html.erb within layouts/application
  [1m[36mPost Load (0.9ms)[0m  [1m[34mSELECT "posts".* FROM "posts"[0m
  Rendered pages/index.html.erb within layouts/application (4.7ms)
  Rendered layouts/_navbar.html.erb (2.2ms)
  Rendered layouts/_footer.html.erb (0.7ms)
Completed 200 OK in 277ms (Views: 272.7ms | ActiveRecord: 0.9ms)


Started GET "/posts/new" for 127.0.0.1 at 2017-11-06 18:25:06 +0200
Processing by PostsController#new as HTML
Completed 401 Unauthorized in 2ms (ActiveRecord: 0.0ms)


Started GET "/users/sign_in" for 127.0.0.1 at 2017-11-06 18:25:06 +0200
Processing by Devise::SessionsController#new as HTML
  Rendering users/sessions/new.html.erb within layouts/application
  Rendered users/shared/_links.html.erb (3.7ms)
  Rendered users/sessions/new.html.erb within layouts/application (15.7ms)
  Rendered layouts/_navbar.html.erb (2.1ms)
  Rendered layouts/_footer.html.erb (0.7ms)
Completed 200 OK in 300ms (Views: 296.8ms | ActiveRecord: 0.0ms)


Started GET "/" for 127.0.0.1 at 2017-11-06 18:25:07 +0200
Processing by PagesController#index as HTML
  Rendering pages/index.html.erb within layouts/application
  [1m[36mPost Load (2.4ms)[0m  [1m[34mSELECT "posts".* FROM "posts"[0m
  Rendered pages/index.html.erb within layouts/application (6.5ms)
  Rendered layouts/_navbar.html.erb (2.4ms)
  Rendered layouts/_footer.html.erb (0.7ms)
Completed 200 OK in 348ms (Views: 343.1ms | ActiveRecord: 2.4ms)


Started GET "/admin" for 127.0.0.1 at 2017-11-06 18:25:13 +0200
Processing by Admin::DashboardController#index as HTML
Completed 401 Unauthorized in 2ms (ActiveRecord: 0.0ms)


Started GET "/admin/login" for 127.0.0.1 at 2017-11-06 18:25:13 +0200
Processing by ActiveAdmin::Devise::SessionsController#new as HTML
  Rendering /var/lib/gems/2.3.0/gems/activeadmin-1.1.0/app/views/active_admin/devise/sessions/new.html.erb within layouts/active_admin_logged_out
  Rendered /var/lib/gems/2.3.0/gems/activeadmin-1.1.0/app/views/active_admin/devise/shared/_links.erb (3.3ms)
  Rendered /var/lib/gems/2.3.0/gems/activeadmin-1.1.0/app/views/active_admin/devise/sessions/new.html.erb within layouts/active_admin_logged_out (141.5ms)
Completed 200 OK in 760ms (Views: 716.5ms | ActiveRecord: 2.1ms)


Started POST "/admin/login" for 127.0.0.1 at 2017-11-06 18:25:31 +0200
Processing by ActiveAdmin::Devise::SessionsController#create as HTML
  Parameters: {"utf8"=>"✓", "authenticity_token"=>"eNf9aQoKy3lDojSnHmZ69XIIc8r2JUuGWItuCMCOm83alOPIKBoqhV49sqn9/5oeyUV/tYiRm09P9rQGTzP17A==", "admin_user"=>{"email"=>"admin@blog.com", "password"=>"[FILTERED]", "remember_me"=>"1"}, "commit"=>"Login"}
  [1m[36mAdminUser Load (0.8ms)[0m  [1m[34mSELECT  "admin_users".* FROM "admin_users" WHERE "admin_users"."email" = ? ORDER BY "admin_users"."id" ASC LIMIT ?[0m  [["email", "admin@blog.com"], ["LIMIT", 1]]
Completed 401 Unauthorized in 261ms (ActiveRecord: 0.8ms)


Processing by ActiveAdmin::Devise::SessionsController#new as HTML
  Parameters: {"utf8"=>"✓", "authenticity_token"=>"eNf9aQoKy3lDojSnHmZ69XIIc8r2JUuGWItuCMCOm83alOPIKBoqhV49sqn9/5oeyUV/tYiRm09P9rQGTzP17A==", "admin_user"=>{"email"=>"admin@blog.com", "password"=>"[FILTERED]", "remember_me"=>"1"}, "commit"=>"Login"}
  Rendering /var/lib/gems/2.3.0/gems/activeadmin-1.1.0/app/views/active_admin/devise/sessions/new.html.erb within layouts/active_admin_logged_out
  Rendered /var/lib/gems/2.3.0/gems/activeadmin-1.1.0/app/views/active_admin/devise/shared/_links.erb (2.8ms)
  Rendered /var/lib/gems/2.3.0/gems/activeadmin-1.1.0/app/views/active_admin/devise/sessions/new.html.erb within layouts/active_admin_logged_out (44.1ms)
Completed 200 OK in 611ms (Views: 281.0ms | ActiveRecord: 0.0ms)


Started GET "/admin/password/new" for 127.0.0.1 at 2017-11-06 18:28:28 +0200
Processing by ActiveAdmin::Devise::PasswordsController#new as HTML
  Rendering /var/lib/gems/2.3.0/gems/activeadmin-1.1.0/app/views/active_admin/devise/passwords/new.html.erb within layouts/active_admin_logged_out
  Rendered /var/lib/gems/2.3.0/gems/activeadmin-1.1.0/app/views/active_admin/devise/shared/_links.erb (2.7ms)
  Rendered /var/lib/gems/2.3.0/gems/activeadmin-1.1.0/app/views/active_admin/devise/passwords/new.html.erb within layouts/active_admin_logged_out (22.8ms)
Completed 200 OK in 305ms (Views: 251.9ms | ActiveRecord: 0.0ms)


Started POST "/admin/password" for 127.0.0.1 at 2017-11-06 18:28:35 +0200
Processing by ActiveAdmin::Devise::PasswordsController#create as HTML
  Parameters: {"utf8"=>"✓", "authenticity_token"=>"ZtHJ/pX8XIHlmoM/qtha6+30sBolTwx1LrBYMvr4yrTEktdft+y9ffgFBTFJQboAVrm8ZVv73Lw5zYI8dUWklQ==", "admin_user"=>{"email"=>"admin@blog.com"}, "commit"=>"Reset My Password"}
  [1m[36mAdminUser Load (3.4ms)[0m  [1m[34mSELECT  "admin_users".* FROM "admin_users" WHERE "admin_users"."email" = ? ORDER BY "admin_users"."id" ASC LIMIT ?[0m  [["email", "admin@blog.com"], ["LIMIT", 1]]
  Rendering /var/lib/gems/2.3.0/gems/activeadmin-1.1.0/app/views/active_admin/devise/passwords/new.html.erb within layouts/active_admin_logged_out
  Rendered /var/lib/gems/2.3.0/gems/activeadmin-1.1.0/app/views/active_admin/devise/shared/_links.erb (2.6ms)
  Rendered /var/lib/gems/2.3.0/gems/activeadmin-1.1.0/app/views/active_admin/devise/passwords/new.html.erb within layouts/active_admin_logged_out (24.7ms)
Completed 200 OK in 314ms (Views: 257.2ms | ActiveRecord: 3.4ms)


Started POST "/admin/login" for 127.0.0.1 at 2017-11-06 18:29:24 +0200
Processing by ActiveAdmin::Devise::SessionsController#create as HTML
  Parameters: {"utf8"=>"✓", "authenticity_token"=>"ZLTqgIgObojd2ZiXo+t/xEG2lu9hDVNi07neHTryW57G9/Qhqh6PdMBGHplAcp8v+vuakB+5g6vExAQTtU81vw==", "admin_user"=>{"email"=>"v@u.com", "password"=>"[FILTERED]", "remember_me"=>"1"}, "commit"=>"Login"}
  [1m[36mAdminUser Load (0.7ms)[0m  [1m[34mSELECT  "admin_users".* FROM "admin_users" WHERE "admin_users"."email" = ? ORDER BY "admin_users"."id" ASC LIMIT ?[0m  [["email", "v@u.com"], ["LIMIT", 1]]
Completed 401 Unauthorized in 6ms (ActiveRecord: 0.7ms)


Processing by ActiveAdmin::Devise::SessionsController#new as HTML
  Parameters: {"utf8"=>"✓", "authenticity_token"=>"ZLTqgIgObojd2ZiXo+t/xEG2lu9hDVNi07neHTryW57G9/Qhqh6PdMBGHplAcp8v+vuakB+5g6vExAQTtU81vw==", "admin_user"=>{"email"=>"v@u.com", "password"=>"[FILTERED]", "remember_me"=>"1"}, "commit"=>"Login"}
  Rendering /var/lib/gems/2.3.0/gems/activeadmin-1.1.0/app/views/active_admin/devise/sessions/new.html.erb within layouts/active_admin_logged_out
  Rendered /var/lib/gems/2.3.0/gems/activeadmin-1.1.0/app/views/active_admin/devise/shared/_links.erb (2.8ms)
  Rendered /var/lib/gems/2.3.0/gems/activeadmin-1.1.0/app/views/active_admin/devise/sessions/new.html.erb within layouts/active_admin_logged_out (37.9ms)
Completed 200 OK in 470ms (Views: 286.7ms | ActiveRecord: 0.0ms)


Started GET "/" for 127.0.0.1 at 2017-11-06 18:30:24 +0200
Processing by PagesController#index as HTML
  Rendering pages/index.html.erb within layouts/application
  [1m[36mPost Load (0.4ms)[0m  [1m[34mSELECT "posts".* FROM "posts"[0m
  Rendered pages/index.html.erb within layouts/application (3.8ms)
  Rendered layouts/_navbar.html.erb (2.8ms)
  Rendered layouts/_footer.html.erb (0.8ms)
Completed 200 OK in 280ms (Views: 276.9ms | ActiveRecord: 0.4ms)


Started GET "/fonts/bootstrap/glyphicons-halflings-regular.woff2" for 127.0.0.1 at 2017-11-06 18:30:24 +0200
  
ActionController::RoutingError (No route matches [GET] "/fonts/bootstrap/glyphicons-halflings-regular.woff2"):
  
actionpack (5.1.4) lib/action_dispatch/middleware/debug_exceptions.rb:63:in `call'
web-console (3.5.1) lib/web_console/middleware.rb:135:in `call_app'
web-console (3.5.1) lib/web_console/middleware.rb:28:in `block in call'
web-console (3.5.1) lib/web_console/middleware.rb:18:in `catch'
web-console (3.5.1) lib/web_console/middleware.rb:18:in `call'
actionpack (5.1.4) lib/action_dispatch/middleware/show_exceptions.rb:31:in `call'
railties (5.1.4) lib/rails/rack/logger.rb:36:in `call_app'
railties (5.1.4) lib/rails/rack/logger.rb:24:in `block in call'
activesupport (5.1.4) lib/active_support/tagged_logging.rb:69:in `block in tagged'
activesupport (5.1.4) lib/active_support/tagged_logging.rb:26:in `tagged'
activesupport (5.1.4) lib/active_support/tagged_logging.rb:69:in `tagged'
railties (5.1.4) lib/rails/rack/logger.rb:24:in `call'
sprockets-rails (3.2.1) lib/sprockets/rails/quiet_assets.rb:13:in `call'
actionpack (5.1.4) lib/action_dispatch/middleware/remote_ip.rb:79:in `call'
actionpack (5.1.4) lib/action_dispatch/middleware/request_id.rb:25:in `call'
rack (2.0.3) lib/rack/method_override.rb:22:in `call'
rack (2.0.3) lib/rack/runtime.rb:22:in `call'
activesupport (5.1.4) lib/active_support/cache/strategy/local_cache_middleware.rb:27:in `call'
actionpack (5.1.4) lib/action_dispatch/middleware/executor.rb:12:in `call'
actionpack (5.1.4) lib/action_dispatch/middleware/static.rb:125:in `call'
rack (2.0.3) lib/rack/sendfile.rb:111:in `call'
railties (5.1.4) lib/rails/engine.rb:522:in `call'
puma (3.10.0) lib/puma/configuration.rb:225:in `call'
puma (3.10.0) lib/puma/server.rb:605:in `handle_request'
puma (3.10.0) lib/puma/server.rb:437:in `process_client'
puma (3.10.0) lib/puma/server.rb:301:in `block in run'
puma (3.10.0) lib/puma/thread_pool.rb:120:in `block in spawn_thread'
Started GET "/fonts/bootstrap/glyphicons-halflings-regular.woff" for 127.0.0.1 at 2017-11-06 18:30:25 +0200
  
ActionController::RoutingError (No route matches [GET] "/fonts/bootstrap/glyphicons-halflings-regular.woff"):
  
actionpack (5.1.4) lib/action_dispatch/middleware/debug_exceptions.rb:63:in `call'
web-console (3.5.1) lib/web_console/middleware.rb:135:in `call_app'
web-console (3.5.1) lib/web_console/middleware.rb:28:in `block in call'
web-console (3.5.1) lib/web_console/middleware.rb:18:in `catch'
web-console (3.5.1) lib/web_console/middleware.rb:18:in `call'
actionpack (5.1.4) lib/action_dispatch/middleware/show_exceptions.rb:31:in `call'
railties (5.1.4) lib/rails/rack/logger.rb:36:in `call_app'
railties (5.1.4) lib/rails/rack/logger.rb:24:in `block in call'
activesupport (5.1.4) lib/active_support/tagged_logging.rb:69:in `block in tagged'
activesupport (5.1.4) lib/active_support/tagged_logging.rb:26:in `tagged'
activesupport (5.1.4) lib/active_support/tagged_logging.rb:69:in `tagged'
railties (5.1.4) lib/rails/rack/logger.rb:24:in `call'
sprockets-rails (3.2.1) lib/sprockets/rails/quiet_assets.rb:13:in `call'
actionpack (5.1.4) lib/action_dispatch/middleware/remote_ip.rb:79:in `call'
actionpack (5.1.4) lib/action_dispatch/middleware/request_id.rb:25:in `call'
rack (2.0.3) lib/rack/method_override.rb:22:in `call'
rack (2.0.3) lib/rack/runtime.rb:22:in `call'
activesupport (5.1.4) lib/active_support/cache/strategy/local_cache_middleware.rb:27:in `call'
actionpack (5.1.4) lib/action_dispatch/middleware/executor.rb:12:in `call'
actionpack (5.1.4) lib/action_dispatch/middleware/static.rb:125:in `call'
rack (2.0.3) lib/rack/sendfile.rb:111:in `call'
railties (5.1.4) lib/rails/engine.rb:522:in `call'
puma (3.10.0) lib/puma/configuration.rb:225:in `call'
puma (3.10.0) lib/puma/server.rb:605:in `handle_request'
puma (3.10.0) lib/puma/server.rb:437:in `process_client'
puma (3.10.0) lib/puma/server.rb:301:in `block in run'
puma (3.10.0) lib/puma/thread_pool.rb:120:in `block in spawn_thread'
Started GET "/fonts/bootstrap/glyphicons-halflings-regular.ttf" for 127.0.0.1 at 2017-11-06 18:30:25 +0200
  
ActionController::RoutingError (No route matches [GET] "/fonts/bootstrap/glyphicons-halflings-regular.ttf"):
  
actionpack (5.1.4) lib/action_dispatch/middleware/debug_exceptions.rb:63:in `call'
web-console (3.5.1) lib/web_console/middleware.rb:135:in `call_app'
web-console (3.5.1) lib/web_console/middleware.rb:28:in `block in call'
web-console (3.5.1) lib/web_console/middleware.rb:18:in `catch'
web-console (3.5.1) lib/web_console/middleware.rb:18:in `call'
actionpack (5.1.4) lib/action_dispatch/middleware/show_exceptions.rb:31:in `call'
railties (5.1.4) lib/rails/rack/logger.rb:36:in `call_app'
railties (5.1.4) lib/rails/rack/logger.rb:24:in `block in call'
activesupport (5.1.4) lib/active_support/tagged_logging.rb:69:in `block in tagged'
activesupport (5.1.4) lib/active_support/tagged_logging.rb:26:in `tagged'
activesupport (5.1.4) lib/active_support/tagged_logging.rb:69:in `tagged'
railties (5.1.4) lib/rails/rack/logger.rb:24:in `call'
sprockets-rails (3.2.1) lib/sprockets/rails/quiet_assets.rb:13:in `call'
actionpack (5.1.4) lib/action_dispatch/middleware/remote_ip.rb:79:in `call'
actionpack (5.1.4) lib/action_dispatch/middleware/request_id.rb:25:in `call'
rack (2.0.3) lib/rack/method_override.rb:22:in `call'
rack (2.0.3) lib/rack/runtime.rb:22:in `call'
activesupport (5.1.4) lib/active_support/cache/strategy/local_cache_middleware.rb:27:in `call'
actionpack (5.1.4) lib/action_dispatch/middleware/executor.rb:12:in `call'
actionpack (5.1.4) lib/action_dispatch/middleware/static.rb:125:in `call'
rack (2.0.3) lib/rack/sendfile.rb:111:in `call'
railties (5.1.4) lib/rails/engine.rb:522:in `call'
puma (3.10.0) lib/puma/configuration.rb:225:in `call'
puma (3.10.0) lib/puma/server.rb:605:in `handle_request'
puma (3.10.0) lib/puma/server.rb:437:in `process_client'
puma (3.10.0) lib/puma/server.rb:301:in `block in run'
puma (3.10.0) lib/puma/thread_pool.rb:120:in `block in spawn_thread'
  [1m[35m (0.3ms)[0m  [1m[34mSELECT sqlite_version(*)[0m
  [1m[35m (153.5ms)[0m  [1m[35mCREATE TABLE "schema_migrations" ("version" varchar NOT NULL PRIMARY KEY)[0m
  [1m[35m (107.1ms)[0m  [1m[35mCREATE TABLE "ar_internal_metadata" ("key" varchar NOT NULL PRIMARY KEY, "value" varchar, "created_at" datetime NOT NULL, "updated_at" datetime NOT NULL)[0m
  [1m[35m (0.5ms)[0m  [1m[34mSELECT "schema_migrations"."version" FROM "schema_migrations" ORDER BY "schema_migrations"."version" ASC[0m
Migrating to DeviseCreateUsers (20170929120642)
  [1m[35m (0.2ms)[0m  [1m[36mbegin transaction[0m
  [1m[35m (4.2ms)[0m  [1m[35mCREATE TABLE "users" ("id" INTEGER PRIMARY KEY AUTOINCREMENT NOT NULL, "email" varchar DEFAULT '' NOT NULL, "encrypted_password" varchar DEFAULT '' NOT NULL, "reset_password_token" varchar, "reset_password_sent_at" datetime, "remember_created_at" datetime, "sign_in_count" integer DEFAULT 0 NOT NULL, "current_sign_in_at" datetime, "last_sign_in_at" datetime, "current_sign_in_ip" varchar, "last_sign_in_ip" varchar, "created_at" datetime NOT NULL, "updated_at" datetime NOT NULL)[0m
  [1m[35m (0.8ms)[0m  [1m[35mCREATE UNIQUE INDEX "index_users_on_email" ON "users" ("email")[0m
  [1m[35m (0.3ms)[0m  [1m[34m            SELECT sql
            FROM sqlite_master
            WHERE name='index_users_on_email' AND type='index'
            UNION ALL
            SELECT sql
            FROM sqlite_temp_master
            WHERE name='index_users_on_email' AND type='index'
[0m
  [1m[35m (0.9ms)[0m  [1m[35mCREATE UNIQUE INDEX "index_users_on_reset_password_token" ON "users" ("reset_password_token")[0m
  [1m[35mSQL (0.6ms)[0m  [1m[32mINSERT INTO "schema_migrations" ("version") VALUES (?)[0m  [["version", "20170929120642"]]
  [1m[35m (91.4ms)[0m  [1m[36mcommit transaction[0m
Migrating to CreatePosts (20171020073554)
  [1m[35m (0.3ms)[0m  [1m[36mbegin transaction[0m
  [1m[35m (1.0ms)[0m  [1m[35mCREATE TABLE "posts" ("id" INTEGER PRIMARY KEY AUTOINCREMENT NOT NULL, "user_id" integer, "title" varchar, "body" varchar, "created_at" datetime NOT NULL, "updated_at" datetime NOT NULL)[0m
  [1m[35mSQL (0.6ms)[0m  [1m[32mINSERT INTO "schema_migrations" ("version") VALUES (?)[0m  [["version", "20171020073554"]]
  [1m[35m (90.8ms)[0m  [1m[36mcommit transaction[0m
Migrating to DeviseCreateAdminUsers (20171020114840)
  [1m[35m (0.2ms)[0m  [1m[36mbegin transaction[0m
  [1m[35m (1.2ms)[0m  [1m[35mCREATE TABLE "admin_users" ("id" INTEGER PRIMARY KEY AUTOINCREMENT NOT NULL, "email" varchar DEFAULT '' NOT NULL, "encrypted_password" varchar DEFAULT '' NOT NULL, "reset_password_token" varchar, "reset_password_sent_at" datetime, "remember_created_at" datetime, "sign_in_count" integer DEFAULT 0 NOT NULL, "current_sign_in_at" datetime, "last_sign_in_at" datetime, "current_sign_in_ip" varchar, "last_sign_in_ip" varchar, "created_at" datetime NOT NULL, "updated_at" datetime NOT NULL)[0m
  [1m[35m (0.9ms)[0m  [1m[35mCREATE UNIQUE INDEX "index_admin_users_on_email" ON "admin_users" ("email")[0m
  [1m[35m (0.3ms)[0m  [1m[34m            SELECT sql
            FROM sqlite_master
            WHERE name='index_admin_users_on_email' AND type='index'
            UNION ALL
            SELECT sql
            FROM sqlite_temp_master
            WHERE name='index_admin_users_on_email' AND type='index'
[0m
  [1m[35m (0.5ms)[0m  [1m[35mCREATE UNIQUE INDEX "index_admin_users_on_reset_password_token" ON "admin_users" ("reset_password_token")[0m
  [1m[35mSQL (0.5ms)[0m  [1m[32mINSERT INTO "schema_migrations" ("version") VALUES (?)[0m  [["version", "20171020114840"]]
  [1m[35m (92.8ms)[0m  [1m[36mcommit transaction[0m
Migrating to CreateActiveAdminComments (20171020114843)
  [1m[35m (0.4ms)[0m  [1m[36mbegin transaction[0m
  [1m[35m (1.5ms)[0m  [1m[35mCREATE TABLE "active_admin_comments" ("id" INTEGER PRIMARY KEY AUTOINCREMENT NOT NULL, "namespace" varchar, "body" text, "resource_type" varchar, "resource_id" integer, "author_type" varchar, "author_id" integer, "created_at" datetime NOT NULL, "updated_at" datetime NOT NULL)[0m
  [1m[35m (0.3ms)[0m  [1m[35mCREATE  INDEX "index_active_admin_comments_on_resource_type_and_resource_id" ON "active_admin_comments" ("resource_type", "resource_id")[0m
  [1m[35m (0.2ms)[0m  [1m[34m            SELECT sql
            FROM sqlite_master
            WHERE name='index_active_admin_comments_on_resource_type_and_resource_id' AND type='index'
            UNION ALL
            SELECT sql
            FROM sqlite_temp_master
            WHERE name='index_active_admin_comments_on_resource_type_and_resource_id' AND type='index'
[0m
  [1m[35m (0.7ms)[0m  [1m[35mCREATE  INDEX "index_active_admin_comments_on_author_type_and_author_id" ON "active_admin_comments" ("author_type", "author_id")[0m
  [1m[35m (0.3ms)[0m  [1m[34m            SELECT sql
            FROM sqlite_master
            WHERE name='index_active_admin_comments_on_author_type_and_author_id' AND type='index'
            UNION ALL
            SELECT sql
            FROM sqlite_temp_master
            WHERE name='index_active_admin_comments_on_author_type_and_author_id' AND type='index'
[0m
  [1m[35m (0.2ms)[0m  [1m[34m            SELECT sql
            FROM sqlite_master
            WHERE name='index_active_admin_comments_on_resource_type_and_resource_id' AND type='index'
            UNION ALL
            SELECT sql
            FROM sqlite_temp_master
            WHERE name='index_active_admin_comments_on_resource_type_and_resource_id' AND type='index'
[0m
  [1m[35m (0.4ms)[0m  [1m[35mCREATE  INDEX "index_active_admin_comments_on_namespace" ON "active_admin_comments" ("namespace")[0m
  [1m[35mSQL (1.0ms)[0m  [1m[32mINSERT INTO "schema_migrations" ("version") VALUES (?)[0m  [["version", "20171020114843"]]
  [1m[35m (99.8ms)[0m  [1m[36mcommit transaction[0m
Migrating to AddNicknameToUsers (20171103085525)
  [1m[35m (0.3ms)[0m  [1m[36mbegin transaction[0m
  [1m[35m (1.6ms)[0m  [1m[35mALTER TABLE "users" ADD "nickname" varchar[0m
  [1m[35mSQL (0.6ms)[0m  [1m[32mINSERT INTO "schema_migrations" ("version") VALUES (?)[0m  [["version", "20171103085525"]]
  [1m[35m (57.8ms)[0m  [1m[36mcommit transaction[0m
Migrating to CreatePostcomments (20171103124702)
  [1m[35m (0.2ms)[0m  [1m[36mbegin transaction[0m
  [1m[35m (2.2ms)[0m  [1m[35mCREATE TABLE "postcomments" ("id" INTEGER PRIMARY KEY AUTOINCREMENT NOT NULL, "text" varchar, "post_id" integer, "user_id" integer, "created_at" datetime NOT NULL, "updated_at" datetime NOT NULL)[0m
  [1m[35mSQL (0.5ms)[0m  [1m[32mINSERT INTO "schema_migrations" ("version") VALUES (?)[0m  [["version", "20171103124702"]]
  [1m[35m (173.5ms)[0m  [1m[36mcommit transaction[0m
  [1m[36mActiveRecord::InternalMetadata Load (0.7ms)[0m  [1m[34mSELECT  "ar_internal_metadata".* FROM "ar_internal_metadata" WHERE "ar_internal_metadata"."key" = ? LIMIT ?[0m  [["key", "environment"], ["LIMIT", 1]]
  [1m[35m (0.2ms)[0m  [1m[36mbegin transaction[0m
  [1m[35mSQL (3.5ms)[0m  [1m[32mINSERT INTO "ar_internal_metadata" ("key", "value", "created_at", "updated_at") VALUES (?, ?, ?, ?)[0m  [["key", "environment"], ["value", "development"], ["created_at", "2017-11-06 17:10:26.529009"], ["updated_at", "2017-11-06 17:10:26.529009"]]
  [1m[35m (85.3ms)[0m  [1m[36mcommit transaction[0m
  [1m[35m (0.4ms)[0m  [1m[34mSELECT "schema_migrations"."version" FROM "schema_migrations" ORDER BY "schema_migrations"."version" ASC[0m
  [1m[35m (0.3ms)[0m  [1m[34m            SELECT sql
            FROM sqlite_master
            WHERE name='index_active_admin_comments_on_namespace' AND type='index'
            UNION ALL
            SELECT sql
            FROM sqlite_temp_master
            WHERE name='index_active_admin_comments_on_namespace' AND type='index'
[0m
  [1m[35m (0.9ms)[0m  [1m[34m            SELECT sql
            FROM sqlite_master
            WHERE name='index_active_admin_comments_on_author_type_and_author_id' AND type='index'
            UNION ALL
            SELECT sql
            FROM sqlite_temp_master
            WHERE name='index_active_admin_comments_on_author_type_and_author_id' AND type='index'
[0m
  [1m[35m (0.3ms)[0m  [1m[34m            SELECT sql
            FROM sqlite_master
            WHERE name='index_active_admin_comments_on_resource_type_and_resource_id' AND type='index'
            UNION ALL
            SELECT sql
            FROM sqlite_temp_master
            WHERE name='index_active_admin_comments_on_resource_type_and_resource_id' AND type='index'
[0m
  [1m[35m (0.3ms)[0m  [1m[34m            SELECT sql
            FROM sqlite_master
            WHERE name='index_admin_users_on_reset_password_token' AND type='index'
            UNION ALL
            SELECT sql
            FROM sqlite_temp_master
            WHERE name='index_admin_users_on_reset_password_token' AND type='index'
[0m
  [1m[35m (0.3ms)[0m  [1m[34m            SELECT sql
            FROM sqlite_master
            WHERE name='index_admin_users_on_email' AND type='index'
            UNION ALL
            SELECT sql
            FROM sqlite_temp_master
            WHERE name='index_admin_users_on_email' AND type='index'
[0m
  [1m[35m (0.3ms)[0m  [1m[34m            SELECT sql
            FROM sqlite_master
            WHERE name='index_users_on_reset_password_token' AND type='index'
            UNION ALL
            SELECT sql
            FROM sqlite_temp_master
            WHERE name='index_users_on_reset_password_token' AND type='index'
[0m
  [1m[35m (0.3ms)[0m  [1m[34m            SELECT sql
            FROM sqlite_master
            WHERE name='index_users_on_email' AND type='index'
            UNION ALL
            SELECT sql
            FROM sqlite_temp_master
            WHERE name='index_users_on_email' AND type='index'
[0m
